[I 2025-05-21 19:29:54,090] Trial 220 finished with value: 0.9884568533429342 and parameters: {'n_estimators': 2831, 'learning_rate': 0.03135367477736212, 'max_depth': 17, 'subsample': 0.9230503666438362, 'colsample_bytree': 0.8515669417221927, 'gamma': 0.15153838128688782, 'lambda': 3.1436686264953056e-05, 'alpha': 5.6194560535580845e-06}. Best is trial 181 with value: 0.9886070636559899.
[I 2025-05-21 19:44:17,268] Trial 221 finished with value: 0.9884856556365453 and parameters: {'n_estimators': 2798, 'learning_rate': 0.03252462308703296, 'max_depth': 17, 'subsample': 0.922797437722799, 'colsample_bytree': 0.851622029726777, 'gamma': 0.1521207020108092, 'lambda': 2.9928352919988036e-05, 'alpha': 5.749417381318546e-06}. Best is trial 181 with value: 0.9886070636559899.
[I 2025-05-21 19:58:54,883] Trial 222 finished with value: 0.988509388941236 and parameters: {'n_estimators': 2804, 'learning_rate': 0.031715537508951605, 'max_depth': 17, 'subsample': 0.920861977894914, 'colsample_bytree': 0.8485583225787304, 'gamma': 0.150056680011133, 'lambda': 2.9819853500475472e-05, 'alpha': 4.890965566160661e-06}. Best is trial 181 with value: 0.9886070636559899.
[I 2025-05-21 20:13:36,121] Trial 223 finished with value: 0.988507844696116 and parameters: {'n_estimators': 2808, 'learning_rate': 0.03175275229944747, 'max_depth': 17, 'subsample': 0.9212432746460907, 'colsample_bytree': 0.8483551039199729, 'gamma': 0.15096990713852007, 'lambda': 3.442924670103381e-05, 'alpha': 4.702452121774937e-06}. Best is trial 181 with value: 0.9886070636559899.
[I 2025-05-21 20:28:27,289] Trial 224 finished with value: 0.9885020805910366 and parameters: {'n_estimators': 2805, 'learning_rate': 0.03100081176066342, 'max_depth': 17, 'subsample': 0.9209912116045949, 'colsample_bytree': 0.8481679474169564, 'gamma': 0.15104890052127085, 'lambda': 3.133318813953507e-05, 'alpha': 5.0785387054492255e-06}. Best is trial 181 with value: 0.9886070636559899.
[I 2025-05-21 20:43:09,221] Trial 225 finished with value: 0.9885014851801925 and parameters: {'n_estimators': 2805, 'learning_rate': 0.031427431897524075, 'max_depth': 17, 'subsample': 0.9207437542181744, 'colsample_bytree': 0.8479838155406789, 'gamma': 0.150204225172501, 'lambda': 3.181300476018735e-05, 'alpha': 4.7721549573465676e-06}. Best is trial 181 with value: 0.9886070636559899.
[I 2025-05-21 20:57:59,536] Trial 226 finished with value: 0.9885015593295993 and parameters: {'n_estimators': 2807, 'learning_rate': 0.03139123682330766, 'max_depth': 17, 'subsample': 0.9209720751931117, 'colsample_bytree': 0.846555305763545, 'gamma': 0.1502877490353317, 'lambda': 3.178945580900262e-05, 'alpha': 4.824889126005338e-06}. Best is trial 181 with value: 0.9886070636559899.
[I 2025-05-21 21:12:43,585] Trial 227 finished with value: 0.988472799894686 and parameters: {'n_estimators': 2807, 'learning_rate': 0.03135296726252161, 'max_depth': 17, 'subsample': 0.9209374275092058, 'colsample_bytree': 0.8463326494546151, 'gamma': 0.15153820923369224, 'lambda': 3.0948485991140644e-05, 'alpha': 4.671227251360534e-06}. Best is trial 181 with value: 0.9886070636559899.
[I 2025-05-21 21:27:29,494] Trial 228 finished with value: 0.9885085853709268 and parameters: {'n_estimators': 2806, 'learning_rate': 0.03133412672263942, 'max_depth': 17, 'subsample': 0.9212728337422073, 'colsample_bytree': 0.8467996657872543, 'gamma': 0.15220564681300316, 'lambda': 3.2678229178117796e-05, 'alpha': 4.478169310680784e-06}. Best is trial 181 with value: 0.9886070636559899.
[I 2025-05-21 21:42:20,897] Trial 229 finished with value: 0.9885055041480475 and parameters: {'n_estimators': 2809, 'learning_rate': 0.031222140642873743, 'max_depth': 17, 'subsample': 0.9208542017379772, 'colsample_bytree': 0.8466591219549194, 'gamma': 0.15062019711470812, 'lambda': 3.081401210014225e-05, 'alpha': 4.722891767289462e-06}. Best is trial 181 with value: 0.9886070636559899.
[I 2025-05-21 21:57:08,995] Trial 230 finished with value: 0.9885296245376168 and parameters: {'n_estimators': 2808, 'learning_rate': 0.03138387167334334, 'max_depth': 17, 'subsample': 0.9207672133370117, 'colsample_bytree': 0.8459832679927772, 'gamma': 0.15055575959237782, 'lambda': 3.0257181568250776e-05, 'alpha': 4.616824129476565e-06}. Best is trial 181 with value: 0.9886070636559899.
[I 2025-05-21 22:11:52,618] Trial 231 finished with value: 0.9884429625328741 and parameters: {'n_estimators': 2804, 'learning_rate': 0.03156699416028822, 'max_depth': 17, 'subsample': 0.9208987311115943, 'colsample_bytree': 0.8456400142780623, 'gamma': 0.14937287367964078, 'lambda': 3.068985767042492e-05, 'alpha': 4.446705686232055e-06}. Best is trial 181 with value: 0.9886070636559899.
[I 2025-05-21 22:28:11,602] Trial 232 finished with value: 0.9885405867053186 and parameters: {'n_estimators': 2786, 'learning_rate': 0.03080767668251816, 'max_depth': 17, 'subsample': 0.914779726492411, 'colsample_bytree': 0.8481557254577338, 'gamma': 0.15018288890252565, 'lambda': 2.8914210724974475e-05, 'alpha': 4.405316850119092e-06}. Best is trial 181 with value: 0.9886070636559899.
[I 2025-05-21 22:44:26,906] Trial 233 finished with value: 0.9884905740826818 and parameters: {'n_estimators': 2778, 'learning_rate': 0.030818194588100246, 'max_depth': 18, 'subsample': 0.9144641356748487, 'colsample_bytree': 0.8481610490324409, 'gamma': 0.1501873068365935, 'lambda': 2.8213098310789426e-05, 'alpha': 4.388187818476979e-06}. Best is trial 181 with value: 0.9886070636559899.
[I 2025-05-21 23:00:13,279] Trial 234 finished with value: 0.9884704990342409 and parameters: {'n_estimators': 2785, 'learning_rate': 0.03070756961411687, 'max_depth': 17, 'subsample': 0.914948303244776, 'colsample_bytree': 0.8477896653522452, 'gamma': 0.15062632201867815, 'lambda': 2.1905448780948202e-05, 'alpha': 4.280183279676921e-06}. Best is trial 181 with value: 0.9886070636559899.
[I 2025-05-21 23:16:03,738] Trial 235 finished with value: 0.9884845884432417 and parameters: {'n_estimators': 2794, 'learning_rate': 0.030645741703332077, 'max_depth': 17, 'subsample': 0.9147340379304698, 'colsample_bytree': 0.8480617209723565, 'gamma': 0.1501956784524254, 'lambda': 2.1374325662192284e-05, 'alpha': 4.391651969906239e-06}. Best is trial 181 with value: 0.9886070636559899.
[I 2025-05-21 23:33:39,949] Trial 236 finished with value: 0.9884648635355274 and parameters: {'n_estimators': 2803, 'learning_rate': 0.030507144170485594, 'max_depth': 18, 'subsample': 0.9143854631849228, 'colsample_bytree': 0.8476146799430885, 'gamma': 0.1511153769307669, 'lambda': 2.229378210801721e-05, 'alpha': 3.868444921877469e-06}. Best is trial 181 with value: 0.9886070636559899.
[I 2025-05-21 23:51:06,887] Trial 237 finished with value: 0.9884928731513564 and parameters: {'n_estimators': 2776, 'learning_rate': 0.030755418520049684, 'max_depth': 18, 'subsample': 0.9123883597514555, 'colsample_bytree': 0.8439621966164842, 'gamma': 0.14991834932783832, 'lambda': 2.9931966998617483e-05, 'alpha': 4.670655260684472e-06}. Best is trial 181 with value: 0.9886070636559899.
[I 2025-05-22 00:08:05,282] Trial 238 finished with value: 0.9884266272369167 and parameters: {'n_estimators': 2786, 'learning_rate': 0.029941505568241385, 'max_depth': 18, 'subsample': 0.9118995313130536, 'colsample_bytree': 0.8445386548640859, 'gamma': 0.14991448600596488, 'lambda': 2.865841137216404e-05, 'alpha': 4.646648521757231e-06}. Best is trial 181 with value: 0.9886070636559899.
[I 2025-05-22 00:23:19,940] Trial 239 finished with value: 0.9884891817804621 and parameters: {'n_estimators': 2828, 'learning_rate': 0.030972779004417094, 'max_depth': 17, 'subsample': 0.9203051238282528, 'colsample_bytree': 0.849042040600928, 'gamma': 0.14981187535534668, 'lambda': 2.062220947856809e-05, 'alpha': 2.6827147851891995e-06}. Best is trial 181 with value: 0.9886070636559899.
[I 2025-05-22 00:38:27,374] Trial 240 finished with value: 0.9883187387847813 and parameters: {'n_estimators': 2824, 'learning_rate': 0.03004962658217847, 'max_depth': 18, 'subsample': 0.9200964706742376, 'colsample_bytree': 0.8493771167983963, 'gamma': 0.15230981586483852, 'lambda': 2.9139842794104718e-05, 'alpha': 2.656044737943559e-06}. Best is trial 181 with value: 0.9886070636559899.
[I 2025-05-22 00:53:10,669] Trial 241 finished with value: 0.9885226033342591 and parameters: {'n_estimators': 2868, 'learning_rate': 0.031492056486133665, 'max_depth': 17, 'subsample': 0.9199093225095608, 'colsample_bytree': 0.8439506482539154, 'gamma': 0.15025606806190697, 'lambda': 2.6596351961431704e-05, 'alpha': 5.015849138108092e-06}. Best is trial 181 with value: 0.9886070636559899.
[I 2025-05-22 01:08:58,336] Trial 242 finished with value: 0.9884821438494976 and parameters: {'n_estimators': 2884, 'learning_rate': 0.030983824311833875, 'max_depth': 18, 'subsample': 0.9115057606194116, 'colsample_bytree': 0.8439838103420062, 'gamma': 0.14898090553866733, 'lambda': 2.7103594508990615e-05, 'alpha': 2.5086736895167015e-06}. Best is trial 181 with value: 0.9886070636559899.
[I 2025-05-22 01:24:09,883] Trial 243 finished with value: 0.9884537151372103 and parameters: {'n_estimators': 2889, 'learning_rate': 0.031693100939157774, 'max_depth': 18, 'subsample': 0.910198370329701, 'colsample_bytree': 0.8424031920293739, 'gamma': 0.14888702852200128, 'lambda': 2.7039938347838422e-05, 'alpha': 2.6160871487139977e-06}. Best is trial 181 with value: 0.9886070636559899.
[I 2025-05-22 01:40:57,794] Trial 244 finished with value: 0.9886492714774309 and parameters: {'n_estimators': 2849, 'learning_rate': 0.030100434167880878, 'max_depth': 18, 'subsample': 0.919924324297598, 'colsample_bytree': 0.8443373201478034, 'gamma': 0.1267024501106858, 'lambda': 3.227231004486746e-05, 'alpha': 3.6312679055468375e-06}. Best is trial 244 with value: 0.9886492714774309.
[I 2025-05-22 01:57:23,667] Trial 245 finished with value: 0.9886420234798157 and parameters: {'n_estimators': 2849, 'learning_rate': 0.030986095555622928, 'max_depth': 18, 'subsample': 0.9196907936471154, 'colsample_bytree': 0.8439158197705272, 'gamma': 0.12469520762456879, 'lambda': 2.5056607582135176e-05, 'alpha': 3.488412963057646e-06}. Best is trial 244 with value: 0.9886492714774309.
[I 2025-05-22 02:13:27,045] Trial 246 finished with value: 0.9885237381115589 and parameters: {'n_estimators': 2851, 'learning_rate': 0.03004019026832084, 'max_depth': 18, 'subsample': 0.919704642345158, 'colsample_bytree': 0.8444176020919952, 'gamma': 0.14684748118802926, 'lambda': 2.4108610342127208e-05, 'alpha': 3.454465056440362e-06}. Best is trial 244 with value: 0.9886492714774309.
[I 2025-05-22 02:30:42,863] Trial 247 finished with value: 0.9886494431790006 and parameters: {'n_estimators': 2856, 'learning_rate': 0.02939836678007544, 'max_depth': 18, 'subsample': 0.9201647343174603, 'colsample_bytree': 0.8440221151053757, 'gamma': 0.12223501490901001, 'lambda': 3.294257654792356e-05, 'alpha': 5.106637531340574e-06}. Best is trial 247 with value: 0.9886494431790006.
[I 2025-05-22 02:47:36,696] Trial 248 finished with value: 0.9886137843943719 and parameters: {'n_estimators': 2843, 'learning_rate': 0.029565558288925386, 'max_depth': 18, 'subsample': 0.9197770212640943, 'colsample_bytree': 0.8444495273440402, 'gamma': 0.1255970960885425, 'lambda': 3.207427632959607e-05, 'alpha': 3.650252223196457e-06}. Best is trial 247 with value: 0.9886494431790006.
[I 2025-05-22 03:04:55,399] Trial 249 finished with value: 0.9886381895240963 and parameters: {'n_estimators': 2858, 'learning_rate': 0.02928492292010198, 'max_depth': 18, 'subsample': 0.919886091797561, 'colsample_bytree': 0.8439181886516909, 'gamma': 0.12430318914697362, 'lambda': 3.3041223113023985e-05, 'alpha': 3.3754004393897943e-06}. Best is trial 247 with value: 0.9886494431790006.
[I 2025-05-22 03:22:11,108] Trial 250 finished with value: 0.9886584686262557 and parameters: {'n_estimators': 2864, 'learning_rate': 0.02927746088708863, 'max_depth': 18, 'subsample': 0.9203648941593694, 'colsample_bytree': 0.8440193193087926, 'gamma': 0.12491522111731725, 'lambda': 2.46029211711703e-05, 'alpha': 3.243942433436361e-06}. Best is trial 250 with value: 0.9886584686262557.
[I 2025-05-22 03:39:23,261] Trial 251 finished with value: 0.988621047244573 and parameters: {'n_estimators': 2858, 'learning_rate': 0.029206274339747446, 'max_depth': 18, 'subsample': 0.9200941729776597, 'colsample_bytree': 0.844178146448036, 'gamma': 0.1266458409644104, 'lambda': 2.4477480319271427e-05, 'alpha': 3.4009661891099167e-06}. Best is trial 250 with value: 0.9886584686262557.
[I 2025-05-22 03:56:18,469] Trial 252 finished with value: 0.9886257190166915 and parameters: {'n_estimators': 2865, 'learning_rate': 0.02919783290696828, 'max_depth': 18, 'subsample': 0.9191176262566226, 'colsample_bytree': 0.8441435056537469, 'gamma': 0.12770866099603817, 'lambda': 2.3917691138728972e-05, 'alpha': 3.333592565010492e-06}. Best is trial 250 with value: 0.9886584686262557.
[I 2025-05-22 04:13:29,533] Trial 253 finished with value: 0.9886238813563709 and parameters: {'n_estimators': 2860, 'learning_rate': 0.029046642292805902, 'max_depth': 18, 'subsample': 0.9193385108684023, 'colsample_bytree': 0.8403362226381286, 'gamma': 0.126719870542791, 'lambda': 2.436610674832018e-05, 'alpha': 3.3305758535362764e-06}. Best is trial 250 with value: 0.9886584686262557.
[I 2025-05-22 04:30:48,017] Trial 254 finished with value: 0.9886014167084869 and parameters: {'n_estimators': 2863, 'learning_rate': 0.029118002084959935, 'max_depth': 18, 'subsample': 0.9190843075026811, 'colsample_bytree': 0.8407794836732138, 'gamma': 0.1268300907731419, 'lambda': 2.4710867368371685e-05, 'alpha': 3.3216883278708727e-06}. Best is trial 250 with value: 0.9886584686262557.
[I 2025-05-22 04:48:11,022] Trial 255 finished with value: 0.9886450127604578 and parameters: {'n_estimators': 2863, 'learning_rate': 0.029095888470618253, 'max_depth': 18, 'subsample': 0.9190297584393132, 'colsample_bytree': 0.8399777771935866, 'gamma': 0.12572531698730396, 'lambda': 2.4220064025635825e-05, 'alpha': 3.344413663353995e-06}. Best is trial 250 with value: 0.9886584686262557.
[I 2025-05-22 05:05:16,646] Trial 256 finished with value: 0.9886071726134252 and parameters: {'n_estimators': 2860, 'learning_rate': 0.029184605916725437, 'max_depth': 18, 'subsample': 0.9167017086083067, 'colsample_bytree': 0.8405303981436105, 'gamma': 0.12575006643385747, 'lambda': 2.503222175781176e-05, 'alpha': 3.5070870373314014e-06}. Best is trial 250 with value: 0.9886584686262557.
