[I 2025-05-22 05:22:40,587] Trial 257 finished with value: 0.9886858133778997 and parameters: {'n_estimators': 2867, 'learning_rate': 0.028979739434920097, 'max_depth': 18, 'subsample': 0.9171222740237283, 'colsample_bytree': 0.8428135413946611, 'gamma': 0.1249727796990742, 'lambda': 2.442147638110241e-05, 'alpha': 3.3795603898734616e-06}. Best is trial 257 with value: 0.9886858133778997.
2025-05-22 05:22:40,588 - INFO - main_opt - Hyperparameter optimization process finished/paused in 36445.88 seconds.
2025-05-22 05:22:40,591 - INFO - main_opt - 
Best trial found:
2025-05-22 05:22:40,591 - INFO - main_opt -   Value (auc): 0.988686
2025-05-22 05:22:40,591 - INFO - main_opt -   Params: 
2025-05-22 05:22:40,591 - INFO - main_opt -     n_estimators: 2867
2025-05-22 05:22:40,591 - INFO - main_opt -     learning_rate: 0.028979739434920097
2025-05-22 05:22:40,591 - INFO - main_opt -     max_depth: 18
2025-05-22 05:22:40,591 - INFO - main_opt -     subsample: 0.9171222740237283
2025-05-22 05:22:40,591 - INFO - main_opt -     colsample_bytree: 0.8428135413946611
2025-05-22 05:22:40,591 - INFO - main_opt -     gamma: 0.1249727796990742
2025-05-22 05:22:40,591 - INFO - main_opt -     lambda: 2.442147638110241e-05
2025-05-22 05:22:40,591 - INFO - main_opt -     alpha: 3.3795603898734616e-06
2025-05-22 05:22:40,591 - INFO - main_opt - 
--- Training FINAL model with OPTIMIZED parameters on Yangtze training data ---
2025-05-22 05:22:40,604 - INFO - main_opt - Final model parameters: {'objective': 'binary:logistic', 'eval_metric': ['logloss', 'auc'], 'tree_method': 'hist', 'scale_pos_weight': np.float64(0.6196257392593262), 'random_state': 42, 'early_stopping_rounds': 30, 'device': 'cuda', 'n_estimators': 2867, 'learning_rate': 0.028979739434920097, 'max_depth': 18, 'subsample': 0.9171222740237283, 'colsample_bytree': 0.8428135413946611, 'gamma': 0.1249727796990742, 'lambda': 2.442147638110241e-05, 'alpha': 3.3795603898734616e-06}
2025-05-22 05:39:43,338 - INFO - main_opt - Final model training complete in 1022.73 seconds.
2025-05-22 05:39:43,338 - INFO - main_opt - Best iteration for final model (from XGBoost's early stopping): 2578
2025-05-22 05:39:43,338 - INFO - main_opt - Best score for final model on eval set: 0.9886158002819398
2025-05-22 05:39:43,338 - INFO - main_opt - 
Saving the OPTIMIZED trained model to f:\rainfalldata\results\yangtze\model_predict\xgboost_optimized_yangtsu_model_from_db.joblib...
2025-05-22 05:39:46,680 - INFO - main_opt - 
--- Evaluating FINAL XGBoost model (Optimized Params) on the Yangtze test set with varying thresholds ---
F:\Dev\python312\Lib\site-packages\xgboost\core.py:158: UserWarning: [05:39:46] WARNING: C:\buildkite-agent\builds\buildkite-windows-cpu-autoscaling-group-i-08cbc0333d8d4aae1-1\xgboost\xgboost-ci-windows\src\common\error_msg.cc:58: Falling back to prediction using DMatrix due to mismatched devices. This might lead to higher memory usage and slower performance. XGBoost is running on: cuda:0, while the input data is on: cpu.
Potential solutions:
- Use a data structure that matches the device ordinal in the booster.
- Set the device for booster before call to inplace_predict.

This warning will only be shown once.

  warnings.warn(smsg, UserWarning)
2025-05-22 05:39:51,907 - INFO - main_opt - Calculating metrics for different thresholds...
2025-05-22 05:39:51,907 - INFO - main_opt - 
--- Threshold: 0.40 ---
2025-05-22 05:39:51,935 - INFO - main_opt - 
--- XGBoost Classifier Yangtze (Optimized, Threshold 0.40) Performance ---
2025-05-22 05:39:51,935 - INFO - main_opt - Confusion Matrix:
[[377132  27522]
 [ 29081 623980]]
2025-05-22 05:39:51,935 - INFO - main_opt -   True Negatives (TN): 377132
2025-05-22 05:39:51,935 - INFO - main_opt -   False Positives (FP): 27522
2025-05-22 05:39:51,936 - INFO - main_opt -   False Negatives (FN): 29081
2025-05-22 05:39:51,936 - INFO - main_opt -   True Positives (TP): 623980
2025-05-22 05:39:51,936 - INFO - main_opt - Accuracy: 0.9465
2025-05-22 05:39:51,936 - INFO - main_opt - POD (Hit Rate/Recall): 0.9555
2025-05-22 05:39:51,936 - INFO - main_opt - FAR (False Alarm Ratio): 0.0422
2025-05-22 05:39:51,936 - INFO - main_opt - CSI (Critical Success Index): 0.9168
2025-05-22 05:39:51,936 - INFO - main_opt - 
Classification Report:
2025-05-22 05:39:52,058 - INFO - main_opt -               precision    recall  f1-score   support

     No Rain       0.93      0.93      0.93    404654
        Rain       0.96      0.96      0.96    653061

    accuracy                           0.95   1057715
   macro avg       0.94      0.94      0.94   1057715
weighted avg       0.95      0.95      0.95   1057715

2025-05-22 05:39:52,059 - INFO - main_opt - 
--- Threshold: 0.45 ---
2025-05-22 05:39:52,084 - INFO - main_opt - 
--- XGBoost Classifier Yangtze (Optimized, Threshold 0.45) Performance ---
2025-05-22 05:39:52,084 - INFO - main_opt - Confusion Matrix:
[[380297  24357]
 [ 32612 620449]]
2025-05-22 05:39:52,084 - INFO - main_opt -   True Negatives (TN): 380297
2025-05-22 05:39:52,084 - INFO - main_opt -   False Positives (FP): 24357
2025-05-22 05:39:52,084 - INFO - main_opt -   False Negatives (FN): 32612
2025-05-22 05:39:52,084 - INFO - main_opt -   True Positives (TP): 620449
2025-05-22 05:39:52,084 - INFO - main_opt - Accuracy: 0.9461
2025-05-22 05:39:52,084 - INFO - main_opt - POD (Hit Rate/Recall): 0.9501
2025-05-22 05:39:52,084 - INFO - main_opt - FAR (False Alarm Ratio): 0.0378
2025-05-22 05:39:52,084 - INFO - main_opt - CSI (Critical Success Index): 0.9159
2025-05-22 05:39:52,084 - INFO - main_opt - 
Classification Report:
2025-05-22 05:39:52,206 - INFO - main_opt -               precision    recall  f1-score   support

     No Rain       0.92      0.94      0.93    404654
        Rain       0.96      0.95      0.96    653061

    accuracy                           0.95   1057715
   macro avg       0.94      0.94      0.94   1057715
weighted avg       0.95      0.95      0.95   1057715

2025-05-22 05:39:52,206 - INFO - main_opt - 
--- Threshold: 0.50 ---
2025-05-22 05:39:52,231 - INFO - main_opt - 
--- XGBoost Classifier Yangtze (Optimized, Threshold 0.50) Performance ---
2025-05-22 05:39:52,231 - INFO - main_opt - Confusion Matrix:
[[383103  21551]
 [ 36521 616540]]
2025-05-22 05:39:52,231 - INFO - main_opt -   True Negatives (TN): 383103
2025-05-22 05:39:52,231 - INFO - main_opt -   False Positives (FP): 21551
2025-05-22 05:39:52,231 - INFO - main_opt -   False Negatives (FN): 36521
2025-05-22 05:39:52,231 - INFO - main_opt -   True Positives (TP): 616540
2025-05-22 05:39:52,231 - INFO - main_opt - Accuracy: 0.9451
2025-05-22 05:39:52,231 - INFO - main_opt - POD (Hit Rate/Recall): 0.9441
2025-05-22 05:39:52,231 - INFO - main_opt - FAR (False Alarm Ratio): 0.0338
2025-05-22 05:39:52,231 - INFO - main_opt - CSI (Critical Success Index): 0.9139
2025-05-22 05:39:52,231 - INFO - main_opt - 
Classification Report:
2025-05-22 05:39:52,353 - INFO - main_opt -               precision    recall  f1-score   support

     No Rain       0.91      0.95      0.93    404654
        Rain       0.97      0.94      0.96    653061

    accuracy                           0.95   1057715
   macro avg       0.94      0.95      0.94   1057715
weighted avg       0.95      0.95      0.95   1057715

2025-05-22 05:39:52,353 - INFO - main_opt - 
--- Threshold: 0.55 ---
2025-05-22 05:39:52,378 - INFO - main_opt - 
--- XGBoost Classifier Yangtze (Optimized, Threshold 0.55) Performance ---
2025-05-22 05:39:52,378 - INFO - main_opt - Confusion Matrix:
[[385609  19045]
 [ 40520 612541]]
2025-05-22 05:39:52,378 - INFO - main_opt -   True Negatives (TN): 385609
2025-05-22 05:39:52,378 - INFO - main_opt -   False Positives (FP): 19045
2025-05-22 05:39:52,378 - INFO - main_opt -   False Negatives (FN): 40520
2025-05-22 05:39:52,378 - INFO - main_opt -   True Positives (TP): 612541
2025-05-22 05:39:52,378 - INFO - main_opt - Accuracy: 0.9437
2025-05-22 05:39:52,378 - INFO - main_opt - POD (Hit Rate/Recall): 0.9380
2025-05-22 05:39:52,378 - INFO - main_opt - FAR (False Alarm Ratio): 0.0302
2025-05-22 05:39:52,378 - INFO - main_opt - CSI (Critical Success Index): 0.9114
2025-05-22 05:39:52,378 - INFO - main_opt - 
Classification Report:
2025-05-22 05:39:52,502 - INFO - main_opt -               precision    recall  f1-score   support

     No Rain       0.90      0.95      0.93    404654
        Rain       0.97      0.94      0.95    653061

    accuracy                           0.94   1057715
   macro avg       0.94      0.95      0.94   1057715
weighted avg       0.95      0.94      0.94   1057715

2025-05-22 05:39:52,502 - INFO - main_opt - 
--- Threshold: 0.60 ---
2025-05-22 05:39:52,527 - INFO - main_opt - 
--- XGBoost Classifier Yangtze (Optimized, Threshold 0.60) Performance ---
2025-05-22 05:39:52,527 - INFO - main_opt - Confusion Matrix:
[[387828  16826]
 [ 44902 608159]]
2025-05-22 05:39:52,527 - INFO - main_opt -   True Negatives (TN): 387828
2025-05-22 05:39:52,527 - INFO - main_opt -   False Positives (FP): 16826
2025-05-22 05:39:52,527 - INFO - main_opt -   False Negatives (FN): 44902
2025-05-22 05:39:52,527 - INFO - main_opt -   True Positives (TP): 608159
2025-05-22 05:39:52,527 - INFO - main_opt - Accuracy: 0.9416
2025-05-22 05:39:52,527 - INFO - main_opt - POD (Hit Rate/Recall): 0.9312
2025-05-22 05:39:52,527 - INFO - main_opt - FAR (False Alarm Ratio): 0.0269
2025-05-22 05:39:52,527 - INFO - main_opt - CSI (Critical Success Index): 0.9079
2025-05-22 05:39:52,527 - INFO - main_opt - 
Classification Report:
2025-05-22 05:39:52,647 - INFO - main_opt -               precision    recall  f1-score   support

     No Rain       0.90      0.96      0.93    404654
        Rain       0.97      0.93      0.95    653061

    accuracy                           0.94   1057715
   macro avg       0.93      0.94      0.94   1057715
weighted avg       0.94      0.94      0.94   1057715

2025-05-22 05:39:52,647 - INFO - main_opt - 
--- Threshold: 0.65 ---
2025-05-22 05:39:52,670 - INFO - main_opt - 
--- XGBoost Classifier Yangtze (Optimized, Threshold 0.65) Performance ---
2025-05-22 05:39:52,670 - INFO - main_opt - Confusion Matrix:
[[389946  14708]
 [ 49819 603242]]
2025-05-22 05:39:52,670 - INFO - main_opt -   True Negatives (TN): 389946
2025-05-22 05:39:52,670 - INFO - main_opt -   False Positives (FP): 14708
2025-05-22 05:39:52,670 - INFO - main_opt -   False Negatives (FN): 49819
2025-05-22 05:39:52,670 - INFO - main_opt -   True Positives (TP): 603242
2025-05-22 05:39:52,670 - INFO - main_opt - Accuracy: 0.9390
2025-05-22 05:39:52,670 - INFO - main_opt - POD (Hit Rate/Recall): 0.9237
2025-05-22 05:39:52,670 - INFO - main_opt - FAR (False Alarm Ratio): 0.0238
2025-05-22 05:39:52,670 - INFO - main_opt - CSI (Critical Success Index): 0.9034
2025-05-22 05:39:52,670 - INFO - main_opt - 
Classification Report:
2025-05-22 05:39:52,791 - INFO - main_opt -               precision    recall  f1-score   support

     No Rain       0.89      0.96      0.92    404654
        Rain       0.98      0.92      0.95    653061

    accuracy                           0.94   1057715
   macro avg       0.93      0.94      0.94   1057715
weighted avg       0.94      0.94      0.94   1057715

2025-05-22 05:39:52,791 - INFO - main_opt - 
--- Threshold: 0.70 ---
2025-05-22 05:39:52,816 - INFO - main_opt - 
--- XGBoost Classifier Yangtze (Optimized, Threshold 0.70) Performance ---
2025-05-22 05:39:52,816 - INFO - main_opt - Confusion Matrix:
[[391946  12708]
 [ 55205 597856]]
2025-05-22 05:39:52,816 - INFO - main_opt -   True Negatives (TN): 391946
2025-05-22 05:39:52,816 - INFO - main_opt -   False Positives (FP): 12708
2025-05-22 05:39:52,816 - INFO - main_opt -   False Negatives (FN): 55205
2025-05-22 05:39:52,816 - INFO - main_opt -   True Positives (TP): 597856
2025-05-22 05:39:52,816 - INFO - main_opt - Accuracy: 0.9358
2025-05-22 05:39:52,816 - INFO - main_opt - POD (Hit Rate/Recall): 0.9155
2025-05-22 05:39:52,816 - INFO - main_opt - FAR (False Alarm Ratio): 0.0208
2025-05-22 05:39:52,816 - INFO - main_opt - CSI (Critical Success Index): 0.8980
2025-05-22 05:39:52,816 - INFO - main_opt - 
Classification Report:
2025-05-22 05:39:52,936 - INFO - main_opt -               precision    recall  f1-score   support

     No Rain       0.88      0.97      0.92    404654
        Rain       0.98      0.92      0.95    653061

    accuracy                           0.94   1057715
   macro avg       0.93      0.94      0.93   1057715
weighted avg       0.94      0.94      0.94   1057715

2025-05-22 05:39:52,937 - INFO - main_opt - Evaluation finished in 6.26 seconds.
2025-05-22 05:39:52,937 - INFO - main_opt - 
--- Final Performance Comparison (Yangtze Test Set - Optimized Threshold 0.5 vs Spatial Baseline) ---
2025-05-22 05:39:52,951 - INFO - main_opt - 
--- Final Performance Comparison (Yangtze - Optimized Threshold 0.5 vs Spatial Baseline) ---
2025-05-22 05:39:52,958 - INFO - main_opt - 
                                    accuracy     pod     far     csi       fp       fn
XGBoost_Yangtsu_Optimized (Thr 0.5)   0.9451  0.9441  0.0338  0.9139    21551    36521
Baseline_CMORPH_Spatial               0.6305  0.5168  0.1763  0.4654   361158  1577665
Baseline_CHIRPS_Spatial               0.5874  0.4413  0.1913  0.3996   340810  1824393
Baseline_SM2RAIN_Spatial              0.6906  0.9033  0.3072  0.6450  1307610   315866
Baseline_IMERG_Spatial                0.7123  0.7073  0.1935  0.6047   554123   955706
Baseline_GSMAP_Spatial                0.7332  0.6108  0.0606  0.5876   128730  1270999
Baseline_PERSIANN_Spatial             0.6471  0.6387  0.2437  0.5297   672194  1179721
2025-05-22 05:39:52,958 - INFO - main_opt - Saving comparison table to f:\rainfalldata\results\yangtze\features\performance_comparison_yangtsu_v1_optimized.csv
2025-05-22 05:39:52,964 - INFO - main_opt - 
--- XGBoost Performance across different thresholds (Yangtze - Optimized Model) ---
2025-05-22 05:39:52,966 - INFO - main_opt - 
                         accuracy     pod     far     csi     fp     fn
Optimized_Threshold_0.40   0.9465  0.9555  0.0422  0.9168  27522  29081
Optimized_Threshold_0.45   0.9461  0.9501  0.0378  0.9159  24357  32612
Optimized_Threshold_0.50   0.9451  0.9441  0.0338  0.9139  21551  36521
Optimized_Threshold_0.55   0.9437  0.9380  0.0302  0.9114  19045  40520
Optimized_Threshold_0.60   0.9416  0.9312  0.0269  0.9079  16826  44902
Optimized_Threshold_0.65   0.9390  0.9237  0.0238  0.9034  14708  49819
Optimized_Threshold_0.70   0.9358  0.9155  0.0208  0.8980  12708  55205
2025-05-22 05:39:52,966 - INFO - main_opt - Saving threshold performance table to f:\rainfalldata\results\yangtze\features\threshold_performance_yangtsu_v1_optimized.csv
2025-05-22 05:39:52,967 - INFO - main_opt - Plotting training history (Optimized Params - Yangtze)...
2025-05-22 05:39:53,192 - INFO - main_opt - Training history plot saved to f:\rainfalldata\results\yangtze\features\xgboost_training_history_yangtsu_v1_optimized.png
2025-05-22 05:39:53,200 - INFO - main_opt - 
--- Feature Importances (Optimized Params - Yangtze) ---
2025-05-22 05:39:53,393 - INFO - main_opt - Top 10 Features:
2025-05-22 05:39:53,394 - INFO - main_opt - 
                Feature  Importance
23   lag_1_values_GSMAP    0.364156
47  diff_1_values_GSMAP    0.173626
17      season_onehot_2    0.098798
4      raw_values_GSMAP    0.078788
25           lag_1_mean    0.010056
13              sin_day    0.008237
14              cos_day    0.007774
16      season_onehot_1    0.007345
18      season_onehot_3    0.006192
15      season_onehot_0    0.006053
2025-05-22 05:39:53,594 - INFO - main_opt - Feature importance plot saved to f:\rainfalldata\results\yangtze\features\xgboost_feature_importance_yangtsu_v1_optimized.png
2025-05-22 05:39:53,599 - INFO - main_opt - 
Analysis complete for Yangtze dataset using OPTIMIZED parameters, evaluated multiple thresholds.
2025-05-22 05:39:54,188 - WARNING - main_opt - Optuna visualization is not available. Please install plotly or matplotlib.
2025-05-22 05:39:54,188 - INFO - main_opt - 
Analysis complete for Yangtze dataset using OPTIMIZED parameters (from DB), evaluated multiple thresholds.

--- xgboost_optimization_main.py finished with errors (return code: 3221226505) ---

